<?xml version="1.0" encoding="UTF-8"?>
<testsuites name="Peru search" time="12.35" tests="1" failures="0" errors="0">
   <testsuite name="Peru search" tests="1" failures="0" errors="0" time="12.35" skipped="0" timestamp="2021-06-08 10:14:02" hostname="54731 - ICF015673604857.ICFI.icfconsulting.com" id="Test Suites/Peru search">
      <properties>
         <property name="deviceName" value=""/>
         <property name="devicePlatform" value=""/>
         <property name="logFolder" value="C:\\Users\\54731\\git\\KatalonGitTest\\Reports\\20210608_101358\\Peru search\\20210608_101358"/>
         <property name="logFiles" value="C:\\Users\\54731\\git\\KatalonGitTest\\Reports\\20210608_101358\\Peru search\\20210608_101358\\execution0.log"/>
         <property name="attachments" value="C:\\Users\\54731\\git\\KatalonGitTest\\Reports\\20210608_101358\\Peru search\\20210608_101358\\1623161652871.png"/>
         <property name="hostName" value="54731 - ICF015673604857.ICFI.icfconsulting.com"/>
         <property name="os" value="Windows 10 64bit"/>
         <property name="katalonVersion" value="8.0.1.208"/>
         <property name="browser" value="Chrome 91.0.4472.77"/>
         <property name="hostAddress" value="192.168.0.14"/>
         <property name="sessionId" value="c5dd254a9ea884affdafce9709c35000"/>
         <property name="seleniumVersion" value="3.141.59"/>
         <property name="proxyInformation" value="ProxyInformation { proxyOption=NO_PROXY, proxyServerType=HTTP, username=, password=********, proxyServerAddress=, proxyServerPort=0, executionList=&quot;&quot;, isApplyToDesiredCapabilities=true }"/>
         <property name="platform" value="Windows 10"/>
      </properties>
      <testcase name="Test Cases/Search peru trip" time="9.048" classname="Test Cases/Search peru trip" status="PASSED">
         <system-out><![CDATA[2021-06-08 10:14:04 - [TEST_CASE][PASSED] - Test Cases/Search peru trip: Test Cases/Search peru trip

2021-06-08 10:14:04 - [TEST_STEP][PASSED] - openBrowser(""): Browser is opened with url: ''

2021-06-08 10:14:05 - [MESSAGE][INFO] - Starting 'Chrome' driver

2021-06-08 10:14:05 - [MESSAGE][INFO] - Action delay is set to 0 milliseconds

2021-06-08 10:14:07 - [MESSAGE][PASSED] - Browser is opened with url: ''

2021-06-08 10:14:07 - [TEST_STEP][PASSED] - navigateToUrl("https://www.google.com/?gws_rd=ssl"): Navigate to 'https://www.google.com/?gws_rd=ssl' successfully

2021-06-08 10:14:08 - [MESSAGE][PASSED] - Navigate to 'https://www.google.com/?gws_rd=ssl' successfully

2021-06-08 10:14:08 - [TEST_STEP][PASSED] - setText(findTestObject("Object Repository/Page_Google/input__q"), "peru sites"): Text 'peru sites' is set on object 'Object Repository/Page_Google/input__q'

2021-06-08 10:14:10 - [MESSAGE][PASSED] - Text 'peru sites' is set on object 'Object Repository/Page_Google/input__q'

2021-06-08 10:14:10 - [TEST_STEP][PASSED] - click(findTestObject("Object Repository/Page_Google/span_peru sites to visit")): Object: 'Object Repository/Page_Google/span_peru sites to visit' is clicked on

2021-06-08 10:14:12 - [MESSAGE][PASSED] - Object: 'Object Repository/Page_Google/span_peru sites to visit' is clicked on

2021-06-08 10:14:12 - [TEST_STEP][PASSED] - takeScreenshot(): Taking screenshot successfully

2021-06-08 10:14:13 - [MESSAGE][PASSED] - Taking screenshot successfully
[[ATTACHMENT|C:\\Users\\54731\\git\\KatalonGitTest\\Reports\\20210608_101358\\Peru search\\20210608_101358\\1623161652871.png]]]]></system-out>
         <system-err><![CDATA[]]></system-err>
      </testcase>
      <system-out><![CDATA[2021-06-08 10:14:02 - [TEST_SUITE][PASSED] - Peru search: Test Cases/Search peru trip]]></system-out>
      <system-err><![CDATA[]]></system-err>
   </testsuite>
</testsuites>
